# JRE version: OpenJDK Runtime Environment Temurin-21.0.11+10 (21.0.11+10) (build 21.0.11+10-LTS)
# Java VM: OpenJDK 64-Bit Server VM Temurin-21.0.11+10 (21.0.11+10-LTS, mixed mode, sharing, tiered, compressed oops, compressed class ptrs, parallel gc, windows-amd64)
GC Precious Log:
 CardTable entry size: 512
 CPUs: 12 total, 12 available
 Memory: 16107M
 Large Page Support: Disabled
 NUMA Support: Disabled
 Compressed Oops: Enabled (32-bit)
 Alignments: Space 512K, Generation 512K, Heap 2M
 Heap Min Capacity: 100M
 Heap Initial Capacity: 100M
 Heap Max Capacity: 2G
 Pre-touch: Disabled
 Parallel Workers: 10
Heap:
 PSYoungGen      total 24064K, used 24047K [0x00000000d5580000, 0x00000000d7600000, 0x0000000100000000)
  eden space 22016K, 100% used [0x00000000d5580000,0x00000000d6b00000,0x00000000d6b00000)
  from space 2048K, 99% used [0x00000000d7200000,0x00000000d73fbc68,0x00000000d7400000)
  to   space 5632K, 21% used [0x00000000d6b00000,0x00000000d6c2c010,0x00000000d7080000)
 ParOldGen       total 68608K, used 37305K [0x0000000080000000, 0x0000000084300000, 0x00000000d5580000)
  object space 68608K, 54% used [0x0000000080000000,0x000000008246e778,0x0000000084300000)
 Metaspace       used 49170K, committed 50368K, reserved 1114112K
  class space    used 5769K, committed 6272K, reserved 1048576K
GC Heap History (20 events):
Event: 7.027 GC heap after
{Heap after GC invocations=15 (full 2):
 PSYoungGen      total 22528K, used 0K [0x00000000d5580000, 0x00000000d6f80000, 0x0000000100000000)
  eden space 22016K, 0% used [0x00000000d5580000,0x00000000d5580000,0x00000000d6b00000)
  from space 512K, 0% used [0x00000000d6c80000,0x00000000d6c80000,0x00000000d6d00000)
  to   space 1536K, 0% used [0x00000000d6e00000,0x00000000d6e00000,0x00000000d6f80000)
 ParOldGen       total 68608K, used 19142K [0x0000000080000000, 0x0000000084300000, 0x00000000d5580000)
  object space 68608K, 27% used [0x0000000080000000,0x00000000812b1b18,0x0000000084300000)
 Metaspace       used 34830K, committed 35840K, reserved 1114112K
  class space    used 3653K, committed 4096K, reserved 1048576K
}
Event: 7.181 GC heap before
{Heap before GC invocations=16 (full 2):
 PSYoungGen      total 22528K, used 22016K [0x00000000d5580000, 0x00000000d6f80000, 0x0000000100000000)
  eden space 22016K, 100% used [0x00000000d5580000,0x00000000d6b00000,0x00000000d6b00000)
  from space 512K, 0% used [0x00000000d6c80000,0x00000000d6c80000,0x00000000d6d00000)
  to   space 1536K, 0% used [0x00000000d6e00000,0x00000000d6e00000,0x00000000d6f80000)
 ParOldGen       total 68608K, used 19142K [0x0000000080000000, 0x0000000084300000, 0x00000000d5580000)
  object space 68608K, 27% used [0x0000000080000000,0x00000000812b1b18,0x0000000084300000)
 Metaspace       used 36948K, committed 38016K, reserved 1114112K
  class space    used 3951K, committed 4416K, reserved 1048576K
}
Event: 7.183 GC heap after
{Heap after GC invocations=16 (full 2):
 PSYoungGen      total 23552K, used 1437K [0x00000000d5580000, 0x00000000d6f80000, 0x0000000100000000)
  eden space 22016K, 0% used [0x00000000d5580000,0x00000000d5580000,0x00000000d6b00000)
  from space 1536K, 93% used [0x00000000d6e00000,0x00000000d6f674f0,0x00000000d6f80000)
  to   space 2048K, 0% used [0x00000000d6b80000,0x00000000d6b80000,0x00000000d6d80000)
 ParOldGen       total 68608K, used 19150K [0x0000000080000000, 0x0000000084300000, 0x00000000d5580000)
  object space 68608K, 27% used [0x0000000080000000,0x00000000812b3b18,0x0000000084300000)
 Metaspace       used 36948K, committed 38016K, reserved 1114112K
  class space    used 3951K, committed 4416K, reserved 1048576K
}
Event: 7.380 GC heap before
{Heap before GC invocations=17 (full 2):
 PSYoungGen      total 23552K, used 23453K [0x00000000d5580000, 0x00000000d6f80000, 0x0000000100000000)
  eden space 22016K, 100% used [0x00000000d5580000,0x00000000d6b00000,0x00000000d6b00000)
  from space 1536K, 93% used [0x00000000d6e00000,0x00000000d6f674f0,0x00000000d6f80000)
  to   space 2048K, 0% used [0x00000000d6b80000,0x00000000d6b80000,0x00000000d6d80000)
 ParOldGen       total 68608K, used 19150K [0x0000000080000000, 0x0000000084300000, 0x00000000d5580000)
  object space 68608K, 27% used [0x0000000080000000,0x00000000812b3b18,0x0000000084300000)
 Metaspace       used 38390K, committed 39552K, reserved 1114112K
  class space    used 4173K, committed 4672K, reserved 1048576K
}
Event: 7.384 GC heap after
{Heap after GC invocations=17 (full 2):
 PSYoungGen      total 24064K, used 2026K [0x00000000d5580000, 0x00000000d7e00000, 0x0000000100000000)
  eden space 22016K, 0% used [0x00000000d5580000,0x00000000d5580000,0x00000000d6b00000)
  from space 2048K, 98% used [0x00000000d6b80000,0x00000000d6d7a9d0,0x00000000d6d80000)
  to   space 9728K, 0% used [0x00000000d7480000,0x00000000d7480000,0x00000000d7e00000)
 ParOldGen       total 68608K, used 25341K [0x0000000080000000, 0x0000000084300000, 0x00000000d5580000)
  object space 68608K, 36% used [0x0000000080000000,0x00000000818bf408,0x0000000084300000)
 Metaspace       used 38390K, committed 39552K, reserved 1114112K
  class space    used 4173K, committed 4672K, reserved 1048576K
}
Event: 7.572 GC heap before
{Heap before GC invocations=18 (full 2):
 PSYoungGen      total 24064K, used 24042K [0x00000000d5580000, 0x00000000d7e00000, 0x0000000100000000)
  eden space 22016K, 100% used [0x00000000d5580000,0x00000000d6b00000,0x00000000d6b00000)
  from space 2048K, 98% used [0x00000000d6b80000,0x00000000d6d7a9d0,0x00000000d6d80000)
  to   space 9728K, 0% used [0x00000000d7480000,0x00000000d7480000,0x00000000d7e00000)
 ParOldGen       total 68608K, used 25341K [0x0000000080000000, 0x0000000084300000, 0x00000000d5580000)
  object space 68608K, 36% used [0x0000000080000000,0x00000000818bf408,0x0000000084300000)
 Metaspace       used 39835K, committed 41024K, reserved 1114112K
  class space    used 4388K, committed 4928K, reserved 1048576K
}
Event: 7.575 GC heap after
{Heap after GC invocations=18 (full 2):
 PSYoungGen      total 24064K, used 1891K [0x00000000d5580000, 0x00000000d7680000, 0x0000000100000000)
  eden space 22016K, 0% used [0x00000000d5580000,0x00000000d5580000,0x00000000d6b00000)
  from space 2048K, 92% used [0x00000000d7480000,0x00000000d7658fd0,0x00000000d7680000)
  to   space 4608K, 0% used [0x00000000d6d80000,0x00000000d6d80000,0x00000000d7200000)
 ParOldGen       total 68608K, used 27338K [0x0000000080000000, 0x0000000084300000, 0x00000000d5580000)
  object space 68608K, 39% used [0x0000000080000000,0x0000000081ab2bb8,0x0000000084300000)
 Metaspace       used 39835K, committed 41024K, reserved 1114112K
  class space    used 4388K, committed 4928K, reserved 1048576K
}
Event: 7.768 GC heap before
{Heap before GC invocations=19 (full 2):
 PSYoungGen      total 24064K, used 23907K [0x00000000d5580000, 0x00000000d7680000, 0x0000000100000000)
  eden space 22016K, 100% used [0x00000000d5580000,0x00000000d6b00000,0x00000000d6b00000)
  from space 2048K, 92% used [0x00000000d7480000,0x00000000d7658fd0,0x00000000d7680000)
  to   space 4608K, 0% used [0x00000000d6d80000,0x00000000d6d80000,0x00000000d7200000)
 ParOldGen       total 68608K, used 27338K [0x0000000080000000, 0x0000000084300000, 0x00000000d5580000)
  object space 68608K, 39% used [0x0000000080000000,0x0000000081ab2bb8,0x0000000084300000)
 Metaspace       used 41516K, committed 42688K, reserved 1114112K
  class space    used 4658K, committed 5184K, reserved 1048576K
}
Event: 7.771 GC heap after
{Heap after GC invocations=19 (full 2):
 PSYoungGen      total 26624K, used 672K [0x00000000d5580000, 0x00000000d7500000, 0x0000000100000000)
  eden space 22016K, 0% used [0x00000000d5580000,0x00000000d5580000,0x00000000d6b00000)
  from space 4608K, 14% used [0x00000000d6d80000,0x00000000d6e28000,0x00000000d7200000)
  to   space 1536K, 0% used [0x00000000d7380000,0x00000000d7380000,0x00000000d7500000)
 ParOldGen       total 68608K, used 29087K [0x0000000080000000, 0x0000000084300000, 0x00000000d5580000)
  object space 68608K, 42% used [0x0000000080000000,0x0000000081c67db8,0x0000000084300000)
 Metaspace       used 41516K, committed 42688K, reserved 1114112K
  class space    used 4658K, committed 5184K, reserved 1048576K
}
Event: 8.011 GC heap before
{Heap before GC invocations=20 (full 2):
 PSYoungGen      total 26624K, used 22688K [0x00000000d5580000, 0x00000000d7500000, 0x0000000100000000)
  eden space 22016K, 100% used [0x00000000d5580000,0x00000000d6b00000,0x00000000d6b00000)
  from space 4608K, 14% used [0x00000000d6d80000,0x00000000d6e28000,0x00000000d7200000)
  to   space 1536K, 0% used [0x00000000d7380000,0x00000000d7380000,0x00000000d7500000)
 ParOldGen       total 68608K, used 29087K [0x0000000080000000, 0x0000000084300000, 0x00000000d5580000)
  object space 68608K, 42% used [0x0000000080000000,0x0000000081c67db8,0x0000000084300000)
 Metaspace       used 43384K, committed 44544K, reserved 1114112K
  class space    used 4915K, committed 5440K, reserved 1048576K
}
Event: 8.013 GC heap after
{Heap after GC invocations=20 (full 2):
 PSYoungGen      total 23040K, used 928K [0x00000000d5580000, 0x00000000d7480000, 0x0000000100000000)
  eden space 22016K, 0% used [0x00000000d5580000,0x00000000d5580000,0x00000000d6b00000)
  from space 1024K, 90% used [0x00000000d7380000,0x00000000d7468000,0x00000000d7480000)
  to   space 1024K, 0% used [0x00000000d7280000,0x00000000d7280000,0x00000000d7380000)
 ParOldGen       total 68608K, used 29607K [0x0000000080000000, 0x0000000084300000, 0x00000000d5580000)
  object space 68608K, 43% used [0x0000000080000000,0x0000000081ce9db8,0x0000000084300000)
 Metaspace       used 43384K, committed 44544K, reserved 1114112K
  class space    used 4915K, committed 5440K, reserved 1048576K
}
Event: 8.144 GC heap before
{Heap before GC invocations=21 (full 2):
 PSYoungGen      total 23040K, used 22944K [0x00000000d5580000, 0x00000000d7480000, 0x0000000100000000)
  eden space 22016K, 100% used [0x00000000d5580000,0x00000000d6b00000,0x00000000d6b00000)
  from space 1024K, 90% used [0x00000000d7380000,0x00000000d7468000,0x00000000d7480000)
  to   space 1024K, 0% used [0x00000000d7280000,0x00000000d7280000,0x00000000d7380000)
 ParOldGen       total 68608K, used 29607K [0x0000000080000000, 0x0000000084300000, 0x00000000d5580000)
  object space 68608K, 43% used [0x0000000080000000,0x0000000081ce9db8,0x0000000084300000)
 Metaspace       used 44306K, committed 45504K, reserved 1114112K
  class space    used 5031K, committed 5568K, reserved 1048576K
}
Event: 8.146 GC heap after
{Heap after GC invocations=21 (full 2):
 PSYoungGen      total 23040K, used 736K [0x00000000d5580000, 0x00000000d7400000, 0x0000000100000000)
  eden space 22016K, 0% used [0x00000000d5580000,0x00000000d5580000,0x00000000d6b00000)
  from space 1024K, 71% used [0x00000000d7280000,0x00000000d7338000,0x00000000d7380000)
  to   space 512K, 0% used [0x00000000d7380000,0x00000000d7380000,0x00000000d7400000)
 ParOldGen       total 68608K, used 30405K [0x0000000080000000, 0x0000000084300000, 0x00000000d5580000)
  object space 68608K, 44% used [0x0000000080000000,0x0000000081db14c0,0x0000000084300000)
 Metaspace       used 44306K, committed 45504K, reserved 1114112K
  class space    used 5031K, committed 5568K, reserved 1048576K
}
Event: 8.330 GC heap before
{Heap before GC invocations=22 (full 2):
 PSYoungGen      total 23040K, used 22752K [0x00000000d5580000, 0x00000000d7400000, 0x0000000100000000)
  eden space 22016K, 100% used [0x00000000d5580000,0x00000000d6b00000,0x00000000d6b00000)
  from space 1024K, 71% used [0x00000000d7280000,0x00000000d7338000,0x00000000d7380000)
  to   space 512K, 0% used [0x00000000d7380000,0x00000000d7380000,0x00000000d7400000)
 ParOldGen       total 68608K, used 30405K [0x0000000080000000, 0x0000000084300000, 0x00000000d5580000)
  object space 68608K, 44% used [0x0000000080000000,0x0000000081db14c0,0x0000000084300000)
 Metaspace       used 45215K, committed 46400K, reserved 1114112K
  class space    used 5145K, committed 5696K, reserved 1048576K
}
Event: 8.332 GC heap after
{Heap after GC invocations=22 (full 2):
 PSYoungGen      total 22528K, used 512K [0x00000000d5580000, 0x00000000d7400000, 0x0000000100000000)
  eden space 22016K, 0% used [0x00000000d5580000,0x00000000d5580000,0x00000000d6b00000)
  from space 512K, 100% used [0x00000000d7380000,0x00000000d7400000,0x00000000d7400000)
  to   space 2048K, 0% used [0x00000000d7000000,0x00000000d7000000,0x00000000d7200000)
 ParOldGen       total 68608K, used 31372K [0x0000000080000000, 0x0000000084300000, 0x00000000d5580000)
  object space 68608K, 45% used [0x0000000080000000,0x0000000081ea31c0,0x0000000084300000)
 Metaspace       used 45215K, committed 46400K, reserved 1114112K
  class space    used 5145K, committed 5696K, reserved 1048576K
}
Event: 8.516 GC heap before
{Heap before GC invocations=23 (full 2):
 PSYoungGen      total 22528K, used 22526K [0x00000000d5580000, 0x00000000d7400000, 0x0000000100000000)
  eden space 22016K, 99% used [0x00000000d5580000,0x00000000d6aff9c0,0x00000000d6b00000)
  from space 512K, 100% used [0x00000000d7380000,0x00000000d7400000,0x00000000d7400000)
  to   space 2048K, 0% used [0x00000000d7000000,0x00000000d7000000,0x00000000d7200000)
 ParOldGen       total 68608K, used 31372K [0x0000000080000000, 0x0000000084300000, 0x00000000d5580000)
  object space 68608K, 45% used [0x0000000080000000,0x0000000081ea31c0,0x0000000084300000)
 Metaspace       used 46131K, committed 47296K, reserved 1114112K
  class space    used 5272K, committed 5824K, reserved 1048576K
}
Event: 8.518 GC heap after
{Heap after GC invocations=23 (full 2):
 PSYoungGen      total 24064K, used 2037K [0x00000000d5580000, 0x00000000d7400000, 0x0000000100000000)
  eden space 22016K, 0% used [0x00000000d5580000,0x00000000d5580000,0x00000000d6b00000)
  from space 2048K, 99% used [0x00000000d7000000,0x00000000d71fd500,0x00000000d7200000)
  to   space 2048K, 0% used [0x00000000d7200000,0x00000000d7200000,0x00000000d7400000)
 ParOldGen       total 68608K, used 32270K [0x0000000080000000, 0x0000000084300000, 0x00000000d5580000)
  object space 68608K, 47% used [0x0000000080000000,0x0000000081f83968,0x0000000084300000)
 Metaspace       used 46131K, committed 47296K, reserved 1114112K
  class space    used 5272K, committed 5824K, reserved 1048576K
}
Event: 8.707 GC heap before
{Heap before GC invocations=24 (full 2):
 PSYoungGen      total 24064K, used 24053K [0x00000000d5580000, 0x00000000d7400000, 0x0000000100000000)
  eden space 22016K, 100% used [0x00000000d5580000,0x00000000d6b00000,0x00000000d6b00000)
  from space 2048K, 99% used [0x00000000d7000000,0x00000000d71fd500,0x00000000d7200000)
  to   space 2048K, 0% used [0x00000000d7200000,0x00000000d7200000,0x00000000d7400000)
 ParOldGen       total 68608K, used 32270K [0x0000000080000000, 0x0000000084300000, 0x00000000d5580000)
  object space 68608K, 47% used [0x0000000080000000,0x0000000081f83968,0x0000000084300000)
 Metaspace       used 47060K, committed 48192K, reserved 1114112K
  class space    used 5444K, committed 5952K, reserved 1048576K
}
Event: 8.710 GC heap after
{Heap after GC invocations=24 (full 2):
 PSYoungGen      total 24064K, used 2031K [0x00000000d5580000, 0x00000000d7600000, 0x0000000100000000)
  eden space 22016K, 0% used [0x00000000d5580000,0x00000000d5580000,0x00000000d6b00000)
  from space 2048K, 99% used [0x00000000d7200000,0x00000000d73fbc68,0x00000000d7400000)
  to   space 5632K, 0% used [0x00000000d6b00000,0x00000000d6b00000,0x00000000d7080000)
 ParOldGen       total 68608K, used 35288K [0x0000000080000000, 0x0000000084300000, 0x00000000d5580000)
  object space 68608K, 51% used [0x0000000080000000,0x0000000082276078,0x0000000084300000)
 Metaspace       used 47060K, committed 48192K, reserved 1114112K
  class space    used 5444K, committed 5952K, reserved 1048576K
}
Event: 8.968 GC heap before
{Heap before GC invocations=25 (full 2):
 PSYoungGen      total 24064K, used 24047K [0x00000000d5580000, 0x00000000d7600000, 0x0000000100000000)
  eden space 22016K, 100% used [0x00000000d5580000,0x00000000d6b00000,0x00000000d6b00000)
  from space 2048K, 99% used [0x00000000d7200000,0x00000000d73fbc68,0x00000000d7400000)
  to   space 5632K, 0% used [0x00000000d6b00000,0x00000000d6b00000,0x00000000d7080000)
 ParOldGen       total 68608K, used 35288K [0x0000000080000000, 0x0000000084300000, 0x00000000d5580000)
  object space 68608K, 51% used [0x0000000080000000,0x0000000082276078,0x0000000084300000)
 Metaspace       used 49170K, committed 50368K, reserved 1114112K
  class space    used 5769K, committed 6272K, reserved 1048576K
}

